<?xml version="1.0" encoding="UTF-8"?>
<!-- Generated by org.testng.reporters.JUnitReportReporter -->
<testsuite hostname="SL-2088" failures="0" tests="1" name="com.sauce.FirefoxTest" time="1.214" errors="0" timestamp="2023-03-27T11:45:25 PDT" skipped="0">
  <testcase classname="com.sauce.FirefoxTest" name="Go_to_google" time="1.214"/>
  <system-out/>
</testsuite> <!-- com.sauce.FirefoxTest -->
